Mon Nov 21 15:46:19 2022
 [DEBUG]: Pokemon [4837] run action... acabant el proces... exit(4)... enviant SIGCHLD al seu pare...
Mon Nov 21 15:46:26 2022
 [DEBUG]: Pokemon [4839] ha rebut el senyal SIGUSR1...
Mon Nov 21 15:46:26 2022
 [DEBUG]: Pokemon [4839] ha generat el valor 1...
Mon Nov 21 15:46:26 2022
 [DEBUG]: Pokemon [4839] no capturat... s'atura i ho notifica al seu pare...
Mon Nov 21 15:46:28 2022
 [DEBUG]: Pokemon [4839] receives a berry... [1/3]
Mon Nov 21 15:46:30 2022
 [DEBUG]: Pokemon [4839] run action... acabant el proces... exit(4)... enviant SIGCHLD al seu pare...
Mon Nov 21 15:50:44 2022
 [DEBUG]: Pokemon [5629] ha rebut el senyal SIGUSR1...
Mon Nov 21 15:50:44 2022
 [DEBUG]: Pokemon [5629] ha generat el valor 9...
Mon Nov 21 15:50:44 2022
 [DEBUG]: Pokemon [5629] no capturat... s'atura i ho notifica al seu pare...
Mon Nov 21 15:50:50 2022
 [DEBUG]: Pokemon [5629] receives a berry... [1/3]
Mon Nov 21 15:50:52 2022
 [DEBUG]: Pokemon [5629] ha rebut el senyal SIGUSR1...
Mon Nov 21 15:50:52 2022
 [DEBUG]: Pokemon [5629] ha generat el valor 5...
Mon Nov 21 15:50:52 2022
 [DEBUG]: Pokemon [5629] no capturat... s'atura i ho notifica al seu pare...
Mon Nov 21 15:50:54 2022
 [DEBUG]: Pokemon [5629] ha rebut el senyal SIGUSR1...
Mon Nov 21 15:50:54 2022
 [DEBUG]: Pokemon [5629] ha generat el valor 5...
Mon Nov 21 15:50:54 2022
 [DEBUG]: Pokemon [5629] no capturat... s'atura i ho notifica al seu pare...
Mon Nov 21 15:50:54 2022
 [DEBUG]: Pokemon [5629] ha rebut el senyal SIGUSR1...
Mon Nov 21 15:50:54 2022
 [DEBUG]: Pokemon [5629] ha generat el valor 2...
Mon Nov 21 15:50:54 2022
 [DEBUG]: Pokemon [5629] ha estat capturat, per tant acaba amb exit(3) i ho notifica al seu pare...
Mon Nov 21 15:51:38 2022
 [DEBUG]: Pokemon [5630] ha rebut el senyal SIGUSR1...
Mon Nov 21 15:51:38 2022
 [DEBUG]: Pokemon [5630] ha generat el valor 7...
Mon Nov 21 15:51:38 2022
 [DEBUG]: Pokemon [5630] ha escapat, per tant acaba amb exit(2) i ho notifica al seu pare...
Mon Nov 21 15:51:59 2022
 [DEBUG]: Pokemon [5632] receives a berry... [1/3]
Mon Nov 21 15:52:09 2022
 [DEBUG]: Pokemon [5632] receives a berry... [2/3]
Mon Nov 21 15:52:09 2022
 [DEBUG]: Pokemon [5632] receives a berry... [3/3]
Mon Nov 21 15:52:12 2022
 [DEBUG]: Pokemon [5632] ha rebut el senyal SIGUSR1...
Mon Nov 21 15:52:12 2022
 [DEBUG]: Pokemon [5632] ha generat el valor 3...
Mon Nov 21 15:52:12 2022
 [DEBUG]: Pokemon [5632] no capturat... s'atura i ho notifica al seu pare...
Mon Nov 21 15:54:08 2022
 [DEBUG]: Pokemon [5632] run action... acabant el proces... exit(4)... enviant SIGCHLD al seu pare...
Mon Nov 21 15:56:18 2022
 [DEBUG]: Pokemon [5744] receives a berry... [1/3]
Mon Nov 21 15:56:19 2022
 [DEBUG]: Pokemon [5744] receives a berry... [2/3]
Mon Nov 21 15:56:19 2022
 [DEBUG]: Pokemon [5744] receives a berry... [3/3]
Mon Nov 21 15:56:20 2022
 [DEBUG]: Pokemon [5744] is stuffed... [3/3]
Mon Nov 21 15:56:20 2022
 [DEBUG]: Pokemon [5744] is stuffed... [3/3]
Mon Nov 21 15:56:20 2022
 [DEBUG]: Pokemon [5744] is stuffed... [3/3]
Mon Nov 21 15:56:22 2022
 [DEBUG]: Pokemon [5744] ha rebut el senyal SIGUSR1...
Mon Nov 21 15:56:22 2022
 [DEBUG]: Pokemon [5744] ha generat el valor 6...
Mon Nov 21 15:56:22 2022
 [DEBUG]: Pokemon [5744] ha estat capturat, per tant acaba amb exit(3) i ho notifica al seu pare...
Mon Nov 21 15:56:26 2022
 [DEBUG]: Pokemon [5745] ha rebut el senyal SIGUSR1...
Mon Nov 21 15:56:26 2022
 [DEBUG]: Pokemon [5745] ha generat el valor 2...
Mon Nov 21 15:56:26 2022
 [DEBUG]: Pokemon [5745] ha estat capturat, per tant acaba amb exit(3) i ho notifica al seu pare...
Mon Nov 21 15:56:28 2022
 [DEBUG]: Pokemon [5746] ha rebut el senyal SIGUSR1...
Mon Nov 21 15:56:28 2022
 [DEBUG]: Pokemon [5746] ha generat el valor 7...
Mon Nov 21 15:56:28 2022
 [DEBUG]: Pokemon [5746] ha escapat, per tant acaba amb exit(2) i ho notifica al seu pare...
Mon Nov 21 15:56:30 2022
 [DEBUG]: Pokemon [5747] ha rebut el senyal SIGUSR1...
Mon Nov 21 15:56:30 2022
 [DEBUG]: Pokemon [5747] ha generat el valor 8...
Mon Nov 21 15:56:30 2022
 [DEBUG]: Pokemon [5747] no capturat... s'atura i ho notifica al seu pare...
Mon Nov 21 15:56:31 2022
 [DEBUG]: Pokemon [5747] ha rebut el senyal SIGUSR1...
Mon Nov 21 15:56:31 2022
 [DEBUG]: Pokemon [5747] ha generat el valor 2...
Mon Nov 21 15:56:31 2022
 [DEBUG]: Pokemon [5747] ha estat capturat, per tant acaba amb exit(3) i ho notifica al seu pare...
Mon Nov 21 15:56:36 2022
 [DEBUG]: Pokemon [5748] receives a berry... [1/3]
Mon Nov 21 15:56:37 2022
 [DEBUG]: Pokemon [5748] ha rebut el senyal SIGUSR1...
Mon Nov 21 15:56:37 2022
 [DEBUG]: Pokemon [5748] ha generat el valor 5...
Mon Nov 21 15:56:37 2022
 [DEBUG]: Pokemon [5748] no capturat... s'atura i ho notifica al seu pare...
Mon Nov 21 15:56:40 2022
 [DEBUG]: Pokemon [5748] ha rebut el senyal SIGUSR1...
Mon Nov 21 15:56:40 2022
 [DEBUG]: Pokemon [5748] ha generat el valor 2...
Mon Nov 21 15:56:40 2022
 [DEBUG]: Pokemon [5748] ha estat capturat, per tant acaba amb exit(3) i ho notifica al seu pare...
Mon Nov 21 15:56:44 2022
 [DEBUG]: Pokemon [5750] receives a berry... [1/3]
Mon Nov 21 15:56:44 2022
 [DEBUG]: Pokemon [5750] receives a berry... [2/3]
Mon Nov 21 15:56:44 2022
 [DEBUG]: Pokemon [5750] receives a berry... [3/3]
Mon Nov 21 15:56:44 2022
 [DEBUG]: Pokemon [5750] is stuffed... [3/3]
Mon Nov 21 15:56:45 2022
 [DEBUG]: Pokemon [5750] is stuffed... [3/3]
Mon Nov 21 15:56:45 2022
 [DEBUG]: Pokemon [5750] is stuffed... [3/3]
Mon Nov 21 15:56:45 2022
 [DEBUG]: Pokemon [5750] is stuffed... [3/3]
Mon Nov 21 15:56:46 2022
 [DEBUG]: Pokemon [5750] is stuffed... [3/3]
Mon Nov 21 15:56:46 2022
 [DEBUG]: Pokemon [5750] ha rebut el senyal SIGUSR1...
Mon Nov 21 15:56:46 2022
 [DEBUG]: Pokemon [5750] ha generat el valor 5...
Mon Nov 21 15:56:46 2022
 [DEBUG]: Pokemon [5750] no capturat... s'atura i ho notifica al seu pare...
Mon Nov 21 15:56:48 2022
 [DEBUG]: Pokemon [5750] ha rebut el senyal SIGUSR1...
Mon Nov 21 15:56:48 2022
 [DEBUG]: Pokemon [5750] ha generat el valor 7...
Mon Nov 21 15:56:48 2022
 [DEBUG]: Pokemon [5750] ha escapat, per tant acaba amb exit(2) i ho notifica al seu pare...
Mon Nov 21 15:56:53 2022
 [DEBUG]: Pokemon [5752] ha rebut el senyal SIGUSR1...
Mon Nov 21 15:56:53 2022
 [DEBUG]: Pokemon [5752] ha generat el valor 4...
Mon Nov 21 15:56:53 2022
 [DEBUG]: Pokemon [5752] no capturat... s'atura i ho notifica al seu pare...
Mon Nov 21 15:56:56 2022
 [DEBUG]: Pokemon [5752] ha rebut el senyal SIGUSR1...
Mon Nov 21 15:56:56 2022
 [DEBUG]: Pokemon [5752] ha generat el valor 2...
Mon Nov 21 15:56:56 2022
 [DEBUG]: Pokemon [5752] ha estat capturat, per tant acaba amb exit(3) i ho notifica al seu pare...
Mon Nov 21 15:56:58 2022
 [DEBUG]: Pokemon [5753] ha rebut el senyal SIGUSR1...
Mon Nov 21 15:56:58 2022
 [DEBUG]: Pokemon [5753] ha generat el valor 0...
Mon Nov 21 15:56:58 2022
 [DEBUG]: Pokemon [5753] no capturat... s'atura i ho notifica al seu pare...
Mon Nov 21 15:56:59 2022
 [DEBUG]: Pokemon [5753] ha rebut el senyal SIGUSR1...
Mon Nov 21 15:56:59 2022
 [DEBUG]: Pokemon [5753] ha generat el valor 2...
Mon Nov 21 15:56:59 2022
 [DEBUG]: Pokemon [5753] ha estat capturat, per tant acaba amb exit(3) i ho notifica al seu pare...
Mon Nov 21 15:57:01 2022
 [DEBUG]: Pokemon [5754] ha rebut el senyal SIGUSR1...
Mon Nov 21 15:57:01 2022
 [DEBUG]: Pokemon [5754] ha generat el valor 5...
Mon Nov 21 15:57:01 2022
 [DEBUG]: Pokemon [5754] no capturat... s'atura i ho notifica al seu pare...
Mon Nov 21 15:57:02 2022
 [DEBUG]: Pokemon [5754] ha rebut el senyal SIGUSR1...
Mon Nov 21 15:57:02 2022
 [DEBUG]: Pokemon [5754] ha generat el valor 8...
Mon Nov 21 15:57:02 2022
 [DEBUG]: Pokemon [5754] no capturat... s'atura i ho notifica al seu pare...
Mon Nov 21 15:57:03 2022
 [DEBUG]: Pokemon [5754] ha rebut el senyal SIGUSR1...
Mon Nov 21 15:57:03 2022
 [DEBUG]: Pokemon [5754] ha generat el valor 5...
Mon Nov 21 15:57:03 2022
 [DEBUG]: Pokemon [5754] no capturat... s'atura i ho notifica al seu pare...
Mon Nov 21 15:57:03 2022
 [DEBUG]: Pokemon [5754] ha rebut el senyal SIGUSR1...
Mon Nov 21 15:57:03 2022
 [DEBUG]: Pokemon [5754] ha generat el valor 3...
Mon Nov 21 15:57:03 2022
 [DEBUG]: Pokemon [5754] no capturat... s'atura i ho notifica al seu pare...
Mon Nov 21 15:57:04 2022
 [DEBUG]: Pokemon [5754] ha rebut el senyal SIGUSR1...
Mon Nov 21 15:57:04 2022
 [DEBUG]: Pokemon [5754] ha generat el valor 9...
Mon Nov 21 15:57:04 2022
 [DEBUG]: Pokemon [5754] no capturat... s'atura i ho notifica al seu pare...
Mon Nov 21 15:57:04 2022
 [DEBUG]: Pokemon [5754] ha rebut el senyal SIGUSR1...
Mon Nov 21 15:57:04 2022
 [DEBUG]: Pokemon [5754] ha generat el valor 3...
Mon Nov 21 15:57:04 2022
 [DEBUG]: Pokemon [5754] no capturat... s'atura i ho notifica al seu pare...
Mon Nov 21 15:57:05 2022
 [DEBUG]: Pokemon [5754] ha rebut el senyal SIGUSR1...
Mon Nov 21 15:57:05 2022
 [DEBUG]: Pokemon [5754] ha generat el valor 9...
Mon Nov 21 15:57:05 2022
 [DEBUG]: Pokemon [5754] no capturat... s'atura i ho notifica al seu pare...
Mon Nov 21 15:57:05 2022
 [DEBUG]: Pokemon [5754] ha rebut el senyal SIGUSR1...
Mon Nov 21 15:57:05 2022
 [DEBUG]: Pokemon [5754] ha generat el valor 3...
Mon Nov 21 15:57:05 2022
 [DEBUG]: Pokemon [5754] no capturat... s'atura i ho notifica al seu pare...
Mon Nov 21 15:57:05 2022
 [DEBUG]: Pokemon [5754] ha rebut el senyal SIGUSR1...
Mon Nov 21 15:57:05 2022
 [DEBUG]: Pokemon [5754] ha generat el valor 2...
Mon Nov 21 15:57:05 2022
 [DEBUG]: Pokemon [5754] ha estat capturat, per tant acaba amb exit(3) i ho notifica al seu pare...
